No GPU on this node, CUDA module not loaded
Wrote profile results to ex4.py.lprof
Timer unit: 1e-06 s

Total time: 10.7733 s
File: ex4.py
Function: jacobi at line 4

Line #      Hits         Time  Per Hit   % Time  Line Contents
==============================================================
     4                                           @profile
     5                                           def jacobi(u, interior_mask, max_iter, atol=1e-6):
     6         1       1057.1   1057.1      0.0      u = np.copy(u)
     7                                           
     8      6300       2199.3      0.3      0.0      for i in range(max_iter):
     9                                                   # Compute average of left, right, up and down neighbors, see eq. (1)
    10      6300    6950956.7   1103.3     64.5          u_new = 0.25 * (u[1:-1, :-2] + u[1:-1, 2:] + u[:-2, 1:-1] + u[2:, 1:-1])
    11      6300    1019338.4    161.8      9.5          u_new_interior = u_new[interior_mask]
    12      6300    1753799.2    278.4     16.3          delta = np.abs(u[1:-1, 1:-1][interior_mask] - u_new_interior).max()
    13      6300    1040572.4    165.2      9.7          u[1:-1, 1:-1][interior_mask] = u_new_interior
    14                                           
    15      6300       5366.1      0.9      0.0          if delta < atol:
    16         1          0.4      0.4      0.0              break
    17         1          0.3      0.3      0.0      return u

